<?xml version="1.0" encoding="UTF-8"?>
<!-- Generated by org.testng.reporters.JUnitReportReporter -->
<testsuite hostname="LAPTOP-1TF6SCUN" failures="0" tests="1" name="org.demo.maventest.Demo" time="0.011" errors="0" timestamp="2024-06-13T01:04:02 IST" skipped="0">
  <testcase classname="org.demo.maventest.Demo" name="test" time="0.011"/>
</testsuite> <!-- org.demo.maventest.Demo -->
