<?xml version="1.0" encoding="UTF-8"?>
<!-- Generated by org.testng.reporters.JUnitReportReporter -->
<testsuite hostname="LAPTOP-1TF6SCUN" failures="0" tests="1" name="org.demo.maventest.BrowserLaunchTest" time="5.169" errors="0" timestamp="2025-01-08T12:49:40 IST" skipped="0">
  <testcase classname="org.demo.maventest.BrowserLaunchTest" name="launchGmail" time="5.169"/>
</testsuite> <!-- org.demo.maventest.BrowserLaunchTest -->
