<?xml version="1.0" encoding="UTF-8"?>
<!-- Generated by org.testng.reporters.JUnitReportReporter -->
<testsuite hostname="LAPTOP-1TF6SCUN" failures="0" tests="1" name="TestNGDemo.SampleTest.NewTest" time="0.006" errors="0" timestamp="20 Jun 2024 10:27:08 GMT" skipped="0">
  <testcase classname="TestNGDemo.SampleTest.NewTest" name="testing" time="0.006"/>
</testsuite> <!-- TestNGDemo.SampleTest.NewTest -->
