<?xml version="1.0" encoding="UTF-8"?>
<!-- Generated by org.testng.reporters.JUnitReportReporter -->
<testsuite hostname="LAPTOP-1TF6SCUN" failures="0" tests="1" name="runner.RunCucumber" time="0.081" errors="0" timestamp="2024-06-24T11:29:44 IST" skipped="0">
  <testcase classname="runner.RunCucumber" name="runScenario" time="0.081"/>
</testsuite> <!-- runner.RunCucumber -->
