<?xml version="1.0" encoding="UTF-8"?>
<!-- Generated by org.testng.reporters.JUnitReportReporter -->
<testsuite hostname="LAPTOP-1TF6SCUN" failures="0" tests="1" name="SysPropVarDemo.SysPropVar.SysVarDemoTest" time="0.015" errors="0" timestamp="2024-06-24T16:09:43 IST" skipped="0">
  <testcase classname="SysPropVarDemo.SysPropVar.SysVarDemoTest" name="getName" time="0.015"/>
</testsuite> <!-- SysPropVarDemo.SysPropVar.SysVarDemoTest -->
