<?xml version="1.0" encoding="UTF-8"?>
<!-- Generated by org.testng.reporters.JUnitReportReporter -->
<testsuite hostname="LAPTOP-1TF6SCUN" failures="0" tests="1" name="org.demo.maventest.DemoTest" time="0.002" errors="0" timestamp="08 Jan 2025 07:21:14 GMT" skipped="0">
  <testcase classname="org.demo.maventest.DemoTest" name="test" time="0.002"/>
</testsuite> <!-- org.demo.maventest.DemoTest -->
