<?xml version="1.0" encoding="UTF-8"?>
<!-- Generated by org.testng.reporters.JUnitReportReporter -->
<testsuite hostname="LAPTOP-1TF6SCUN" failures="0" tests="1" name="org.demo.maventest.DemoTest" time="0.007" errors="0" timestamp="20 Jun 2024 09:57:37 GMT" skipped="0">
  <testcase classname="org.demo.maventest.DemoTest" name="test" time="0.007"/>
</testsuite> <!-- org.demo.maventest.DemoTest -->
