<?xml version="1.0" encoding="UTF-8"?>
<!-- Generated by org.testng.reporters.JUnitReportReporter -->
<testsuite hostname="LAPTOP-1TF6SCUN" failures="0" tests="1" name="DemoTest.TestNGDemo.DemoTest" time="0.001" errors="0" timestamp="21 Jun 2024 04:58:23 GMT" skipped="0">
  <testcase classname="DemoTest.TestNGDemo.DemoTest" name="withoutTest" time="0.001"/>
</testsuite> <!-- DemoTest.TestNGDemo.DemoTest -->
