<?xml version="1.0" encoding="UTF-8"?>
<!-- Generated by org.testng.reporters.JUnitReportReporter -->
<testsuite hostname="LAPTOP-1TF6SCUN" failures="0" tests="1" name="DemoTest.TestNGDemo.Demo" time="0.016" errors="0" timestamp="21 Jun 2024 04:58:23 GMT" skipped="0">
  <testcase classname="DemoTest.TestNGDemo.Demo" name="testSample" time="0.016"/>
</testsuite> <!-- DemoTest.TestNGDemo.Demo -->
